  Cppquarium.cpp
D:\Etna\Cppquarium\Cppquarium\TileMap.hpp(20,72): warning C4244: 'argument' : conversion de 'T' en 'T', perte possible de données
          with
          [
              T=unsigned int
          ]
          and
          [
              T=float
          ]
D:\Etna\Cppquarium\Cppquarium\TileMap.hpp(20,43): warning C4244: 'argument' : conversion de 'T' en 'T', perte possible de données
          with
          [
              T=unsigned int
          ]
          and
          [
              T=float
          ]
D:\Etna\Cppquarium\Cppquarium\TileMap.hpp(21,78): warning C4244: 'argument' : conversion de 'T' en 'T', perte possible de données
          with
          [
              T=unsigned int
          ]
          and
          [
              T=float
          ]
D:\Etna\Cppquarium\Cppquarium\TileMap.hpp(21,49): warning C4244: 'argument' : conversion de 'T' en 'T', perte possible de données
          with
          [
              T=unsigned int
          ]
          and
          [
              T=float
          ]
D:\Etna\Cppquarium\Cppquarium\TileMap.hpp(22,84): warning C4244: 'argument' : conversion de 'T' en 'T', perte possible de données
          with
          [
              T=unsigned int
          ]
          and
          [
              T=float
          ]
D:\Etna\Cppquarium\Cppquarium\TileMap.hpp(22,49): warning C4244: 'argument' : conversion de 'T' en 'T', perte possible de données
          with
          [
              T=unsigned int
          ]
          and
          [
              T=float
          ]
D:\Etna\Cppquarium\Cppquarium\TileMap.hpp(23,78): warning C4244: 'argument' : conversion de 'T' en 'T', perte possible de données
          with
          [
              T=unsigned int
          ]
          and
          [
              T=float
          ]
D:\Etna\Cppquarium\Cppquarium\TileMap.hpp(23,43): warning C4244: 'argument' : conversion de 'T' en 'T', perte possible de données
          with
          [
              T=unsigned int
          ]
          and
          [
              T=float
          ]
D:\Etna\Cppquarium\Cppquarium\TileMap.hpp(47,72): warning C4244: 'argument' : conversion de 'T' en 'T', perte possible de données
          with
          [
              T=unsigned int
          ]
          and
          [
              T=float
          ]
D:\Etna\Cppquarium\Cppquarium\TileMap.hpp(47,43): warning C4244: 'argument' : conversion de 'T' en 'T', perte possible de données
          with
          [
              T=unsigned int
          ]
          and
          [
              T=float
          ]
D:\Etna\Cppquarium\Cppquarium\TileMap.hpp(48,78): warning C4244: 'argument' : conversion de 'T' en 'T', perte possible de données
          with
          [
              T=unsigned int
          ]
          and
          [
              T=float
          ]
D:\Etna\Cppquarium\Cppquarium\TileMap.hpp(48,49): warning C4244: 'argument' : conversion de 'T' en 'T', perte possible de données
          with
          [
              T=unsigned int
          ]
          and
          [
              T=float
          ]
D:\Etna\Cppquarium\Cppquarium\TileMap.hpp(49,84): warning C4244: 'argument' : conversion de 'T' en 'T', perte possible de données
          with
          [
              T=unsigned int
          ]
          and
          [
              T=float
          ]
D:\Etna\Cppquarium\Cppquarium\TileMap.hpp(49,49): warning C4244: 'argument' : conversion de 'T' en 'T', perte possible de données
          with
          [
              T=unsigned int
          ]
          and
          [
              T=float
          ]
D:\Etna\Cppquarium\Cppquarium\TileMap.hpp(50,78): warning C4244: 'argument' : conversion de 'T' en 'T', perte possible de données
          with
          [
              T=unsigned int
          ]
          and
          [
              T=float
          ]
D:\Etna\Cppquarium\Cppquarium\TileMap.hpp(50,43): warning C4244: 'argument' : conversion de 'T' en 'T', perte possible de données
          with
          [
              T=unsigned int
          ]
          and
          [
              T=float
          ]
D:\Etna\Cppquarium\Cppquarium\TileMap.hpp(72,72): warning C4244: 'argument' : conversion de 'T' en 'T', perte possible de données
          with
          [
              T=unsigned int
          ]
          and
          [
              T=float
          ]
D:\Etna\Cppquarium\Cppquarium\TileMap.hpp(72,43): warning C4244: 'argument' : conversion de 'T' en 'T', perte possible de données
          with
          [
              T=unsigned int
          ]
          and
          [
              T=float
          ]
D:\Etna\Cppquarium\Cppquarium\TileMap.hpp(73,78): warning C4244: 'argument' : conversion de 'T' en 'T', perte possible de données
          with
          [
              T=unsigned int
          ]
          and
          [
              T=float
          ]
D:\Etna\Cppquarium\Cppquarium\TileMap.hpp(73,49): warning C4244: 'argument' : conversion de 'T' en 'T', perte possible de données
          with
          [
              T=unsigned int
          ]
          and
          [
              T=float
          ]
D:\Etna\Cppquarium\Cppquarium\TileMap.hpp(74,84): warning C4244: 'argument' : conversion de 'T' en 'T', perte possible de données
          with
          [
              T=unsigned int
          ]
          and
          [
              T=float
          ]
D:\Etna\Cppquarium\Cppquarium\TileMap.hpp(74,49): warning C4244: 'argument' : conversion de 'T' en 'T', perte possible de données
          with
          [
              T=unsigned int
          ]
          and
          [
              T=float
          ]
D:\Etna\Cppquarium\Cppquarium\TileMap.hpp(75,78): warning C4244: 'argument' : conversion de 'T' en 'T', perte possible de données
          with
          [
              T=unsigned int
          ]
          and
          [
              T=float
          ]
D:\Etna\Cppquarium\Cppquarium\TileMap.hpp(75,43): warning C4244: 'argument' : conversion de 'T' en 'T', perte possible de données
          with
          [
              T=unsigned int
          ]
          and
          [
              T=float
          ]
D:\Etna\Cppquarium\Cppquarium\TileMap.hpp(109,67): warning C4244: 'argument' : conversion de 'unsigned int' en 'T', perte possible de données
          with
          [
              T=float
          ]
D:\Etna\Cppquarium\Cppquarium\TileMap.hpp(109,51): warning C4244: 'argument' : conversion de 'unsigned int' en 'T', perte possible de données
          with
          [
              T=float
          ]
D:\Etna\Cppquarium\Cppquarium\TileMap.hpp(110,73): warning C4244: 'argument' : conversion de 'unsigned int' en 'T', perte possible de données
          with
          [
              T=float
          ]
D:\Etna\Cppquarium\Cppquarium\TileMap.hpp(110,57): warning C4244: 'argument' : conversion de 'unsigned int' en 'T', perte possible de données
          with
          [
              T=float
          ]
D:\Etna\Cppquarium\Cppquarium\TileMap.hpp(111,79): warning C4244: 'argument' : conversion de 'unsigned int' en 'T', perte possible de données
          with
          [
              T=float
          ]
D:\Etna\Cppquarium\Cppquarium\TileMap.hpp(111,57): warning C4244: 'argument' : conversion de 'unsigned int' en 'T', perte possible de données
          with
          [
              T=float
          ]
D:\Etna\Cppquarium\Cppquarium\TileMap.hpp(112,73): warning C4244: 'argument' : conversion de 'unsigned int' en 'T', perte possible de données
          with
          [
              T=float
          ]
D:\Etna\Cppquarium\Cppquarium\TileMap.hpp(112,51): warning C4244: 'argument' : conversion de 'unsigned int' en 'T', perte possible de données
          with
          [
              T=float
          ]
D:\Etna\Cppquarium\Cppquarium\TileMap.hpp(115,70): warning C4244: 'argument' : conversion de 'T' en 'T', perte possible de données
          with
          [
              T=unsigned int
          ]
          and
          [
              T=float
          ]
D:\Etna\Cppquarium\Cppquarium\TileMap.hpp(115,53): warning C4244: 'argument' : conversion de 'T' en 'T', perte possible de données
          with
          [
              T=unsigned int
          ]
          and
          [
              T=float
          ]
D:\Etna\Cppquarium\Cppquarium\TileMap.hpp(116,76): warning C4244: 'argument' : conversion de 'T' en 'T', perte possible de données
          with
          [
              T=unsigned int
          ]
          and
          [
              T=float
          ]
D:\Etna\Cppquarium\Cppquarium\TileMap.hpp(116,59): warning C4244: 'argument' : conversion de 'T' en 'T', perte possible de données
          with
          [
              T=unsigned int
          ]
          and
          [
              T=float
          ]
D:\Etna\Cppquarium\Cppquarium\TileMap.hpp(117,82): warning C4244: 'argument' : conversion de 'T' en 'T', perte possible de données
          with
          [
              T=unsigned int
          ]
          and
          [
              T=float
          ]
D:\Etna\Cppquarium\Cppquarium\TileMap.hpp(117,59): warning C4244: 'argument' : conversion de 'T' en 'T', perte possible de données
          with
          [
              T=unsigned int
          ]
          and
          [
              T=float
          ]
D:\Etna\Cppquarium\Cppquarium\TileMap.hpp(118,76): warning C4244: 'argument' : conversion de 'T' en 'T', perte possible de données
          with
          [
              T=unsigned int
          ]
          and
          [
              T=float
          ]
D:\Etna\Cppquarium\Cppquarium\TileMap.hpp(118,53): warning C4244: 'argument' : conversion de 'T' en 'T', perte possible de données
          with
          [
              T=unsigned int
          ]
          and
          [
              T=float
          ]
D:\Etna\Cppquarium\Cppquarium\Cppquarium.cpp(35,49): warning C4244: 'argument' : conversion de 'T' en 'float', perte possible de données
          with
          [
              T=unsigned int
          ]
D:\Etna\Cppquarium\Cppquarium\Cppquarium.cpp(35,29): warning C4244: 'argument' : conversion de 'T' en 'float', perte possible de données
          with
          [
              T=unsigned int
          ]
D:\Etna\Cppquarium\Cppquarium\Cppquarium.cpp(36,51): warning C4244: 'argument' : conversion de 'T' en 'float', perte possible de données
          with
          [
              T=unsigned int
          ]
D:\Etna\Cppquarium\Cppquarium\Cppquarium.cpp(36,31): warning C4244: 'argument' : conversion de 'T' en 'float', perte possible de données
          with
          [
              T=unsigned int
          ]
  Map.cpp
D:\Etna\Cppquarium\Cppquarium\TileMap.hpp(20,72): warning C4244: 'argument' : conversion de 'T' en 'T', perte possible de données
          with
          [
              T=unsigned int
          ]
          and
          [
              T=float
          ]
D:\Etna\Cppquarium\Cppquarium\TileMap.hpp(20,43): warning C4244: 'argument' : conversion de 'T' en 'T', perte possible de données
          with
          [
              T=unsigned int
          ]
          and
          [
              T=float
          ]
D:\Etna\Cppquarium\Cppquarium\TileMap.hpp(21,78): warning C4244: 'argument' : conversion de 'T' en 'T', perte possible de données
          with
          [
              T=unsigned int
          ]
          and
          [
              T=float
          ]
D:\Etna\Cppquarium\Cppquarium\TileMap.hpp(21,49): warning C4244: 'argument' : conversion de 'T' en 'T', perte possible de données
          with
          [
              T=unsigned int
          ]
          and
          [
              T=float
          ]
D:\Etna\Cppquarium\Cppquarium\TileMap.hpp(22,84): warning C4244: 'argument' : conversion de 'T' en 'T', perte possible de données
          with
          [
              T=unsigned int
          ]
          and
          [
              T=float
          ]
D:\Etna\Cppquarium\Cppquarium\TileMap.hpp(22,49): warning C4244: 'argument' : conversion de 'T' en 'T', perte possible de données
          with
          [
              T=unsigned int
          ]
          and
          [
              T=float
          ]
D:\Etna\Cppquarium\Cppquarium\TileMap.hpp(23,78): warning C4244: 'argument' : conversion de 'T' en 'T', perte possible de données
          with
          [
              T=unsigned int
          ]
          and
          [
              T=float
          ]
D:\Etna\Cppquarium\Cppquarium\TileMap.hpp(23,43): warning C4244: 'argument' : conversion de 'T' en 'T', perte possible de données
          with
          [
              T=unsigned int
          ]
          and
          [
              T=float
          ]
D:\Etna\Cppquarium\Cppquarium\TileMap.hpp(47,72): warning C4244: 'argument' : conversion de 'T' en 'T', perte possible de données
          with
          [
              T=unsigned int
          ]
          and
          [
              T=float
          ]
D:\Etna\Cppquarium\Cppquarium\TileMap.hpp(47,43): warning C4244: 'argument' : conversion de 'T' en 'T', perte possible de données
          with
          [
              T=unsigned int
          ]
          and
          [
              T=float
          ]
D:\Etna\Cppquarium\Cppquarium\TileMap.hpp(48,78): warning C4244: 'argument' : conversion de 'T' en 'T', perte possible de données
          with
          [
              T=unsigned int
          ]
          and
          [
              T=float
          ]
D:\Etna\Cppquarium\Cppquarium\TileMap.hpp(48,49): warning C4244: 'argument' : conversion de 'T' en 'T', perte possible de données
          with
          [
              T=unsigned int
          ]
          and
          [
              T=float
          ]
D:\Etna\Cppquarium\Cppquarium\TileMap.hpp(49,84): warning C4244: 'argument' : conversion de 'T' en 'T', perte possible de données
          with
          [
              T=unsigned int
          ]
          and
          [
              T=float
          ]
D:\Etna\Cppquarium\Cppquarium\TileMap.hpp(49,49): warning C4244: 'argument' : conversion de 'T' en 'T', perte possible de données
          with
          [
              T=unsigned int
          ]
          and
          [
              T=float
          ]
D:\Etna\Cppquarium\Cppquarium\TileMap.hpp(50,78): warning C4244: 'argument' : conversion de 'T' en 'T', perte possible de données
          with
          [
              T=unsigned int
          ]
          and
          [
              T=float
          ]
D:\Etna\Cppquarium\Cppquarium\TileMap.hpp(50,43): warning C4244: 'argument' : conversion de 'T' en 'T', perte possible de données
          with
          [
              T=unsigned int
          ]
          and
          [
              T=float
          ]
D:\Etna\Cppquarium\Cppquarium\TileMap.hpp(72,72): warning C4244: 'argument' : conversion de 'T' en 'T', perte possible de données
          with
          [
              T=unsigned int
          ]
          and
          [
              T=float
          ]
D:\Etna\Cppquarium\Cppquarium\TileMap.hpp(72,43): warning C4244: 'argument' : conversion de 'T' en 'T', perte possible de données
          with
          [
              T=unsigned int
          ]
          and
          [
              T=float
          ]
D:\Etna\Cppquarium\Cppquarium\TileMap.hpp(73,78): warning C4244: 'argument' : conversion de 'T' en 'T', perte possible de données
          with
          [
              T=unsigned int
          ]
          and
          [
              T=float
          ]
D:\Etna\Cppquarium\Cppquarium\TileMap.hpp(73,49): warning C4244: 'argument' : conversion de 'T' en 'T', perte possible de données
          with
          [
              T=unsigned int
          ]
          and
          [
              T=float
          ]
D:\Etna\Cppquarium\Cppquarium\TileMap.hpp(74,84): warning C4244: 'argument' : conversion de 'T' en 'T', perte possible de données
          with
          [
              T=unsigned int
          ]
          and
          [
              T=float
          ]
D:\Etna\Cppquarium\Cppquarium\TileMap.hpp(74,49): warning C4244: 'argument' : conversion de 'T' en 'T', perte possible de données
          with
          [
              T=unsigned int
          ]
          and
          [
              T=float
          ]
D:\Etna\Cppquarium\Cppquarium\TileMap.hpp(75,78): warning C4244: 'argument' : conversion de 'T' en 'T', perte possible de données
          with
          [
              T=unsigned int
          ]
          and
          [
              T=float
          ]
D:\Etna\Cppquarium\Cppquarium\TileMap.hpp(75,43): warning C4244: 'argument' : conversion de 'T' en 'T', perte possible de données
          with
          [
              T=unsigned int
          ]
          and
          [
              T=float
          ]
D:\Etna\Cppquarium\Cppquarium\TileMap.hpp(109,67): warning C4244: 'argument' : conversion de 'unsigned int' en 'T', perte possible de données
          with
          [
              T=float
          ]
D:\Etna\Cppquarium\Cppquarium\TileMap.hpp(109,51): warning C4244: 'argument' : conversion de 'unsigned int' en 'T', perte possible de données
          with
          [
              T=float
          ]
D:\Etna\Cppquarium\Cppquarium\TileMap.hpp(110,73): warning C4244: 'argument' : conversion de 'unsigned int' en 'T', perte possible de données
          with
          [
              T=float
          ]
D:\Etna\Cppquarium\Cppquarium\TileMap.hpp(110,57): warning C4244: 'argument' : conversion de 'unsigned int' en 'T', perte possible de données
          with
          [
              T=float
          ]
D:\Etna\Cppquarium\Cppquarium\TileMap.hpp(111,79): warning C4244: 'argument' : conversion de 'unsigned int' en 'T', perte possible de données
          with
          [
              T=float
          ]
D:\Etna\Cppquarium\Cppquarium\TileMap.hpp(111,57): warning C4244: 'argument' : conversion de 'unsigned int' en 'T', perte possible de données
          with
          [
              T=float
          ]
D:\Etna\Cppquarium\Cppquarium\TileMap.hpp(112,73): warning C4244: 'argument' : conversion de 'unsigned int' en 'T', perte possible de données
          with
          [
              T=float
          ]
D:\Etna\Cppquarium\Cppquarium\TileMap.hpp(112,51): warning C4244: 'argument' : conversion de 'unsigned int' en 'T', perte possible de données
          with
          [
              T=float
          ]
D:\Etna\Cppquarium\Cppquarium\TileMap.hpp(115,70): warning C4244: 'argument' : conversion de 'T' en 'T', perte possible de données
          with
          [
              T=unsigned int
          ]
          and
          [
              T=float
          ]
D:\Etna\Cppquarium\Cppquarium\TileMap.hpp(115,53): warning C4244: 'argument' : conversion de 'T' en 'T', perte possible de données
          with
          [
              T=unsigned int
          ]
          and
          [
              T=float
          ]
D:\Etna\Cppquarium\Cppquarium\TileMap.hpp(116,76): warning C4244: 'argument' : conversion de 'T' en 'T', perte possible de données
          with
          [
              T=unsigned int
          ]
          and
          [
              T=float
          ]
D:\Etna\Cppquarium\Cppquarium\TileMap.hpp(116,59): warning C4244: 'argument' : conversion de 'T' en 'T', perte possible de données
          with
          [
              T=unsigned int
          ]
          and
          [
              T=float
          ]
D:\Etna\Cppquarium\Cppquarium\TileMap.hpp(117,82): warning C4244: 'argument' : conversion de 'T' en 'T', perte possible de données
          with
          [
              T=unsigned int
          ]
          and
          [
              T=float
          ]
D:\Etna\Cppquarium\Cppquarium\TileMap.hpp(117,59): warning C4244: 'argument' : conversion de 'T' en 'T', perte possible de données
          with
          [
              T=unsigned int
          ]
          and
          [
              T=float
          ]
D:\Etna\Cppquarium\Cppquarium\TileMap.hpp(118,76): warning C4244: 'argument' : conversion de 'T' en 'T', perte possible de données
          with
          [
              T=unsigned int
          ]
          and
          [
              T=float
          ]
D:\Etna\Cppquarium\Cppquarium\TileMap.hpp(118,53): warning C4244: 'argument' : conversion de 'T' en 'T', perte possible de données
          with
          [
              T=unsigned int
          ]
          and
          [
              T=float
          ]
D:\Etna\Cppquarium\Cppquarium\Map.cpp(41,87): warning C4244: 'argument' : conversion de 'T' en 'T', perte possible de données
          with
          [
              T=unsigned int
          ]
          and
          [
              T=float
          ]
D:\Etna\Cppquarium\Cppquarium\Map.cpp(46,83): warning C4244: 'argument' : conversion de 'T' en 'T', perte possible de données
          with
          [
              T=unsigned int
          ]
          and
          [
              T=float
          ]
D:\Etna\Cppquarium\Cppquarium\Map.cpp(51,87): warning C4244: 'argument' : conversion de 'T' en 'T', perte possible de données
          with
          [
              T=unsigned int
          ]
          and
          [
              T=float
          ]
D:\Etna\Cppquarium\Cppquarium\Map.cpp(56,87): warning C4244: 'argument' : conversion de 'double' en 'T', perte possible de données
          with
          [
              T=float
          ]
D:\Etna\Cppquarium\Cppquarium\Map.cpp(200,94): warning C4244: 'argument' : conversion de 'float' en 'int', perte possible de données
D:\Etna\Cppquarium\Cppquarium\Map.cpp(122,16): warning C4101: 'timeNow' : variable locale non référencée
  Scores.cpp
  Génération de code en cours...
  Cppquarium.vcxproj -> D:\Etna\Cppquarium\Cppquarium\Debug\Cppquarium.exe
